[2018_05_09 19:23:21] [INFO] 加载谷歌驱动
[2018_05_09 19:23:24] [INFO] 打开网址http://127.0.0.1/discuz/
[2018_05_09 19:23:24] [INFO] 成功清除内容
[2018_05_09 19:23:24] [INFO] 成功输入内容admin
[2018_05_09 19:23:25] [INFO] 成功清除内容
[2018_05_09 19:23:25] [INFO] 成功输入内容password
[2018_05_09 19:23:25] [INFO] 成功点击
[2018_05_09 19:23:25] [INFO] 开始查找元素：By.linkText: 管理中心
[2018_05_09 19:23:26] [INFO] 找到了元素 [By.linkText: 管理中心]
[2018_05_09 19:23:26] [INFO] 成功点击
[2018_05_09 19:23:26] [INFO] 获取窗口CDwindow-D3EA0BCE663EF22D22592D0D086F69CD
[2018_05_09 19:23:26] [INFO] 获取窗口CDwindow-67120EEAA6085FA0DD0A66EFF0071E
[2018_05_09 19:23:28] [INFO] 成功清除内容
[2018_05_09 19:23:28] [INFO] 成功输入内容password
[2018_05_09 19:23:53] [INFO] 成功点击
[2018_05_09 19:23:53] [INFO] 获取窗口CDwindow-D3EA0BCE663EF22D22592D0D086F69CD
[2018_05_09 19:23:53] [INFO] 获取窗口CDwindow-67120EEAA6085FA0DD0A66EFF0071E
[2018_05_09 19:23:53] [INFO] 成功点击
[2018_05_09 19:23:53] [INFO] 开始查找元素：By.xpath: //*[@id="cpform"]/table/tbody[3]/tr/td[2]/div/a
[2018_05_09 19:23:55] [INFO] 找到了元素 [By.xpath: //*[@id="cpform"]/table/tbody[3]/tr/td[2]/div/a]
[2018_05_09 19:23:55] [INFO] 成功点击
[2018_05_09 19:23:55] [INFO] 成功清除内容
[2018_05_09 19:23:55] [INFO] 成功输入内容娱乐板块
[2018_05_09 19:23:55] [INFO] 成功点击
[2018_05_09 19:23:56] [INFO] 成功点击
