[2018_05_30 20:07:50] [INFO] 加载谷歌驱动
[2018_05_30 20:08:00] [INFO] 打开网址http://127.0.0.1/Discuz/forum.php
[2018_05_30 20:08:00] [INFO] 成功清除内容
[2018_05_30 20:08:00] [INFO] 成功输入内容admin
[2018_05_30 20:08:00] [INFO] 成功清除内容
[2018_05_30 20:08:00] [INFO] 成功输入内容password
[2018_05_30 20:08:00] [INFO] 成功点击
[2018_05_30 20:08:00] [INFO] 开始查找元素：By.xpath: //*[@id="g_upmine"]
[2018_05_30 20:08:03] [INFO] 找到了元素 [By.xpath: //*[@id="g_upmine"]]
[2018_05_30 20:08:03] [INFO] 找到了期望的文字: [用户组: 管理员]
[2018_05_30 20:08:03] [INFO] 开始查找元素：By.xpath: //*[@id="category_1"]/table/tbody/tr[1]/td[2]/h2/a
[2018_05_30 20:08:04] [INFO] 找到了元素 [By.xpath: //*[@id="category_1"]/table/tbody/tr[1]/td[2]/h2/a]
[2018_05_30 20:08:07] [INFO] 成功点击
[2018_05_30 20:08:07] [INFO] 成功清除内容
[2018_05_30 20:08:07] [INFO] 成功输入内容HelloWorld
[2018_05_30 20:08:07] [INFO] 成功清除内容
[2018_05_30 20:08:08] [INFO] 成功输入内容世界真美好
[2018_05_30 20:08:08] [INFO] 成功点击
[2018_05_30 20:08:08] [INFO] 开始查找元素：By.xpath: //*[@id="k_favorite"]/i
[2018_05_30 20:08:14] [INFO] 找到了元素 [By.xpath: //*[@id="k_favorite"]/i]
[2018_05_30 20:08:14] [INFO] 找到了期望的文字: [收藏]
