[2018_05_10 11:40:26] [INFO] 加载谷歌驱动
[2018_05_10 11:40:31] [INFO] 打开网址http://127.0.0.1/discuz/
[2018_05_10 11:40:31] [INFO] 成功清除内容
[2018_05_10 11:40:31] [INFO] 成功输入内容test
[2018_05_10 11:40:32] [INFO] 成功清除内容
[2018_05_10 11:40:32] [INFO] 成功输入内容123456
[2018_05_10 11:40:32] [INFO] 成功点击
[2018_05_10 11:40:32] [INFO] 开始查找元素：By.xpath: //*[@id="g_upmine"]
[2018_05_10 11:40:33] [INFO] 找到了元素 [By.xpath: //*[@id="g_upmine"]]
[2018_05_10 11:40:33] [INFO] 找到了期望的文字: [用户组: 新手上路]
[2018_05_10 11:40:33] [INFO] 开始查找元素：By.id: scbar_txt
[2018_05_10 11:40:33] [INFO] 找到了元素 [By.id: scbar_txt]
[2018_05_10 11:40:33] [INFO] 成功清除内容
[2018_05_10 11:40:33] [INFO] 成功输入内容haotest
[2018_05_10 11:40:33] [INFO] 成功点击
[2018_05_10 11:40:33] [INFO] 获取窗口CDwindow-3A1A23E22AB781E94563E2BF1E3B045B
[2018_05_10 11:40:33] [INFO] 获取窗口CDwindow-165EA3B979EBB61759C024EEFEE0074
[2018_05_10 11:40:35] [INFO] 成功点击
[2018_05_10 11:40:35] [INFO] 获取窗口CDwindow-3A1A23E22AB781E94563E2BF1E3B045B
[2018_05_10 11:40:35] [INFO] 获取窗口CDwindow-165EA3B979EBB61759C024EEFEE0074
[2018_05_10 11:40:35] [INFO] 获取窗口CDwindow-40122DAE718D0317A82C92E83CE0495C
[2018_05_10 11:40:40] [INFO] 找到了期望的文字: [haotest]
