[2018_05_09 19:20:27] [INFO] 加载谷歌驱动
[2018_05_09 19:20:33] [INFO] 打开网址http://127.0.0.1/discuz/
[2018_05_09 19:20:33] [INFO] 成功输入内容admin
[2018_05_09 19:20:33] [INFO] 成功输入内容password
[2018_05_09 19:20:34] [INFO] 成功点击
[2018_05_09 19:20:34] [INFO] 开始查找元素：By.linkText: 管理中心
[2018_05_09 19:20:35] [INFO] 找到了元素 [By.linkText: 管理中心]
[2018_05_09 19:20:35] [INFO] 成功点击
[2018_05_09 19:20:35] [INFO] 获取窗口CDwindow-75F4F2F1AEF3C4D2A3BBC1F3051D618A
[2018_05_09 19:20:35] [INFO] 获取窗口CDwindow-B270CDCBFAE36FD03C8CDA70B952B538
[2018_05_09 19:20:36] [INFO] 成功输入内容password
[2018_05_09 19:21:02] [INFO] 成功点击
[2018_05_09 19:21:02] [INFO] 获取窗口CDwindow-75F4F2F1AEF3C4D2A3BBC1F3051D618A
[2018_05_09 19:21:02] [INFO] 获取窗口CDwindow-B270CDCBFAE36FD03C8CDA70B952B538
[2018_05_09 19:21:03] [INFO] 成功点击
[2018_05_09 19:21:03] [INFO] 开始查找元素：By.xpath: //*[@id="cpform"]/table/tbody[3]/tr/td[2]/div/a
[2018_05_09 19:21:04] [INFO] 找到了元素 [By.xpath: //*[@id="cpform"]/table/tbody[3]/tr/td[2]/div/a]
[2018_05_09 19:21:04] [INFO] 成功点击
[2018_05_09 19:21:04] [INFO] 成功输入内容娱乐板块
[2018_05_09 19:21:04] [INFO] 成功点击
[2018_05_09 19:21:05] [INFO] 成功点击
