[2018_05_10 11:45:20] [INFO] 加载谷歌驱动
[2018_05_10 11:45:29] [INFO] 打开网址http://127.0.0.1/discuz/
[2018_05_10 11:45:29] [INFO] 成功清除内容
[2018_05_10 11:45:29] [INFO] 成功输入内容test
[2018_05_10 11:45:29] [INFO] 成功清除内容
[2018_05_10 11:45:29] [INFO] 成功输入内容123456
[2018_05_10 11:45:29] [INFO] 成功点击
[2018_05_10 11:45:29] [INFO] 开始查找元素：By.xpath: //*[@id="g_upmine"]
[2018_05_10 11:45:31] [INFO] 找到了元素 [By.xpath: //*[@id="g_upmine"]]
[2018_05_10 11:45:31] [INFO] 找到了期望的文字: [用户组: 新手上路]
[2018_05_10 11:45:31] [INFO] 开始查找元素：By.id: scbar_txt
[2018_05_10 11:45:31] [INFO] 找到了元素 [By.id: scbar_txt]
[2018_05_10 11:45:31] [INFO] 成功清除内容
[2018_05_10 11:45:31] [INFO] 成功输入内容haotest
[2018_05_10 11:45:32] [INFO] 成功点击
[2018_05_10 11:45:32] [INFO] 获取窗口CDwindow-9D458D89C55DFDE9BDA55BE974F4D1B
[2018_05_10 11:45:32] [INFO] 获取窗口CDwindow-58A7AF9B5A26BB4A54CEB26853433460
[2018_05_10 11:45:34] [INFO] 成功点击
[2018_05_10 11:45:34] [INFO] 获取窗口CDwindow-9D458D89C55DFDE9BDA55BE974F4D1B
[2018_05_10 11:45:34] [INFO] 获取窗口CDwindow-58A7AF9B5A26BB4A54CEB26853433460
[2018_05_10 11:45:34] [INFO] 获取窗口CDwindow-DA4CF5E1E014D62E79AF714EE07F3C59
[2018_05_10 11:45:35] [INFO] 找到了期望的文字: [haotest]
[2018_05_10 11:45:36] [INFO] 成功点击
