[2018_05_09 21:07:46] [INFO] 加载谷歌驱动
[2018_05_09 21:07:53] [INFO] 打开网址http://127.0.0.1/discuz/
[2018_05_09 21:07:54] [INFO] 成功清除内容
[2018_05_09 21:07:54] [INFO] 成功输入内容test
[2018_05_09 21:07:54] [INFO] 成功清除内容
[2018_05_09 21:07:54] [INFO] 成功输入内容123456
[2018_05_09 21:07:54] [INFO] 成功点击
[2018_05_09 21:07:54] [INFO] 开始查找元素：By.id: scbar_txt
[2018_05_09 21:07:54] [INFO] 找到了元素 [By.id: scbar_txt]
[2018_05_09 21:07:54] [INFO] 成功清除内容
[2018_05_09 21:07:54] [INFO] 成功输入内容haotest
[2018_05_09 21:07:54] [INFO] 成功点击
[2018_05_09 21:07:55] [INFO] 获取窗口CDwindow-36C2DE5C59B01BEF6E34D240DD29D0CD
[2018_05_09 21:07:55] [INFO] 获取窗口CDwindow-7AF1B235CB0738E480D17E9C5AB6F690
[2018_05_09 21:07:58] [INFO] 成功点击
[2018_05_09 21:07:58] [INFO] 获取窗口CDwindow-36C2DE5C59B01BEF6E34D240DD29D0CD
[2018_05_09 21:07:59] [INFO] 获取窗口CDwindow-7AF1B235CB0738E480D17E9C5AB6F690
[2018_05_09 21:07:59] [INFO] 获取窗口CDwindow-A44853697A1610879569C761E59298C4
[2018_05_09 21:07:59] [INFO] 开始查找元素：By.xpath: //*[@id="thread_subject"]
[2018_05_09 21:08:05] [INFO] 找到了元素 [By.xpath: //*[@id="thread_subject"]]
[2018_05_09 21:08:05] [INFO] 成功找到元素haotest
[2018_05_09 21:08:05] [INFO] 找到了期望的文字: [haotest]
