[2018_05_10 12:07:41] [INFO] 加载谷歌驱动
[2018_05_10 12:08:01] [INFO] 打开网址http://127.0.0.1/discuz/
[2018_05_10 12:08:02] [INFO] 成功清除内容
[2018_05_10 12:08:02] [INFO] 成功输入内容admin
[2018_05_10 12:08:02] [INFO] 成功清除内容
[2018_05_10 12:08:02] [INFO] 成功输入内容password
[2018_05_10 12:08:02] [INFO] 成功点击
[2018_05_10 12:08:02] [INFO] 开始查找元素：By.xpath: //*[@id="g_upmine"]
[2018_05_10 12:08:07] [INFO] 找到了元素 [By.xpath: //*[@id="g_upmine"]]
[2018_05_10 12:08:07] [INFO] 找到了期望的文字: [用户组: 管理员]
[2018_05_10 12:08:07] [INFO] 开始查找元素：By.xpath: //*[@id="category_1"]/table/tbody/tr[2]/td[2]/h2/a
[2018_05_10 12:08:07] [INFO] 找到了元素 [By.xpath: //*[@id="category_1"]/table/tbody/tr[2]/td[2]/h2/a]
[2018_05_10 12:08:09] [INFO] 成功点击
[2018_05_10 12:08:09] [INFO] 成功清除内容
[2018_05_10 12:08:09] [INFO] 成功输入内容HelloWorld
[2018_05_10 12:08:09] [INFO] 成功清除内容
[2018_05_10 12:08:10] [INFO] 成功输入内容世界真美好
[2018_05_10 12:08:10] [INFO] 成功点击
[2018_05_10 12:08:10] [INFO] 开始查找元素：By.xpath: //*[@id="k_favorite"]/i
[2018_05_10 12:08:14] [INFO] 找到了元素 [By.xpath: //*[@id="k_favorite"]/i]
[2018_05_10 12:08:14] [INFO] 找到了期望的文字: [收藏]
